2020-04-16 21:54:34,470 - fvcore.common.checkpoint - INFO - Loading checkpoint from detectron2://COCO-InstanceSegmentation/mask_rcnn_R_50_FPN_3x/137849600/model_final_f10217.pkl
2020-04-16 21:54:34,471 - fvcore.common.file_io - INFO - URL https://dl.fbaipublicfiles.com/detectron2/COCO-InstanceSegmentation/mask_rcnn_R_50_FPN_3x/137849600/model_final_f10217.pkl cached in /home/tong/.torch/fvcore_cache/detectron2/COCO-InstanceSegmentation/mask_rcnn_R_50_FPN_3x/137849600/model_final_f10217.pkl
2020-04-16 21:54:34,628 - fvcore.common.checkpoint - INFO - Reading a file from 'Detectron2 Model Zoo'
2020-04-16 21:54:34,685 - fvcore.common.checkpoint - INFO - The checkpoint contains parameters not used by the model:
  [35mproposal_generator.anchor_generator.cell_anchors.{3, 4}[0m
2020-04-16 21:55:19,649 - root - INFO - Sequence S1001 ECO is: 0.23747561644380888
2020-04-16 21:55:19,652 - root - INFO - Sequence S1001 Accuracy is : 0.34285714285714286
2020-04-16 22:01:22,751 - root - INFO - Sequence S1603 ECO is: 0.6437174354604717
2020-04-16 22:01:22,752 - root - INFO - Sequence S1603 Accuracy is : 0.8077053058465697
2020-04-16 22:02:21,155 - root - INFO - Sequence S1702 ECO is: 0.2881488733174071
2020-04-16 22:02:21,156 - root - INFO - Sequence S1702 Accuracy is : 0.39384615384615385
2020-04-16 22:06:56,018 - root - INFO - Sequence S1312 ECO is: 0.17197019573048286
2020-04-16 22:06:56,018 - root - INFO - Sequence S1312 Accuracy is : 0.19907407407407407
2020-04-16 22:09:01,694 - root - INFO - Sequence S1307 ECO is: 0.5821073546280482
2020-04-16 22:09:01,694 - root - INFO - Sequence S1307 Accuracy is : 0.7411167512690355
2020-04-16 22:11:31,180 - root - INFO - Sequence S1602 ECO is: 0.3451978671650022
2020-04-16 22:11:31,181 - root - INFO - Sequence S1602 Accuracy is : 0.46618357487922707
2020-04-16 22:14:15,303 - root - INFO - Sequence S0402 ECO is: 0.047796798668035476
2020-04-16 22:14:15,304 - root - INFO - Sequence S0402 Accuracy is : 0.062385321100917435
2020-04-16 22:23:52,208 - root - INFO - Sequence S0101 ECO is: 0.15875331531927964
2020-04-16 22:23:52,209 - root - INFO - Sequence S0101 Accuracy is : 0.203983101991551
2020-04-16 22:24:36,843 - root - INFO - Sequence S1101 ECO is: 0.478888855981362
2020-04-16 22:24:36,844 - root - INFO - Sequence S1101 Accuracy is : 0.6337448559670782
2020-04-16 22:25:27,669 - root - INFO - Sequence S1311 ECO is: 0.4018864499525013
2020-04-16 22:25:27,669 - root - INFO - Sequence S1311 Accuracy is : 0.4824561403508772
2020-04-16 22:27:20,814 - root - INFO - Sequence S0201 ECO is: 0.14047664369626012
2020-04-16 22:27:20,814 - root - INFO - Sequence S0201 Accuracy is : 0.1543340380549683
2020-04-16 22:31:11,166 - root - INFO - Sequence S1313 ECO is: 0.3938322233496948
2020-04-16 22:31:11,166 - root - INFO - Sequence S1313 Accuracy is : 0.5240506329113924
2020-04-16 22:33:02,555 - root - INFO - Sequence S1303 ECO is: 0.741708382622534
2020-04-16 22:33:02,556 - root - INFO - Sequence S1303 Accuracy is : 0.9234234234234234
2020-04-16 22:34:39,796 - root - INFO - Sequence S1607 ECO is: 0.002718430648325461
2020-04-16 22:34:39,797 - root - INFO - Sequence S1607 Accuracy is : 0.0
2020-04-16 22:35:44,078 - root - INFO - Sequence S1202 ECO is: 0.07920082400971036
2020-04-16 22:35:44,078 - root - INFO - Sequence S1202 Accuracy is : 0.07384615384615385
2020-04-16 22:37:21,488 - root - INFO - Sequence S0401 ECO is: 0.14578158455265944
2020-04-16 22:37:21,489 - root - INFO - Sequence S0401 Accuracy is : 0.20081135902636918
